<?xml version="1.0" encoding="UTF-8"?>
<!-- Generated by org.testng.reporters.JUnitReportReporter -->
<testsuite skipped="0" hostname="ZIYA" name="com.musafirwebsite.testCases.TC_AddNewTrips_003" tests="1" failures="0" timestamp="28 Aug 2019 13:09:33 GMT" time="40.790" errors="0">
  <testcase name="addNewTrip" time="40.790" classname="com.musafirwebsite.testCases.TC_AddNewTrips_003"/>
</testsuite> <!-- com.musafirwebsite.testCases.TC_AddNewTrips_003 -->
